<?xml version="1.0" encoding="UTF-8"?>
<testng-results ignored="0" total="1" passed="1" failed="0" skipped="0">
  <reporter-output>
  </reporter-output>
  <suite started-at="2024-11-22T15:36:48 IST" name="Default suite" finished-at="2024-11-22T15:36:59 IST" duration-ms="11181">
    <groups>
      <group name="cucumber">
        <method signature="AbstractTestNGCucumberTests.runScenario(io.cucumber.testng.PickleWrapper,io.cucumber.testng.FeatureWrapper)[pri:0, instance:org.testRunner.TestRunner@7d4f9aae]" name="runScenario" class="io.cucumber.testng.AbstractTestNGCucumberTests"/>
      </group> <!-- cucumber -->
    </groups>
    <test started-at="2024-11-22T15:36:48 IST" name="Default test" finished-at="2024-11-22T15:36:59 IST" duration-ms="11181">
      <class name="org.testRunner.TestRunner">
        <test-method is-config="true" signature="setUpClass(org.testng.ITestContext)[pri:0, instance:org.testRunner.TestRunner@7d4f9aae]" started-at="2024-11-22T15:36:48 IST" name="setUpClass" finished-at="2024-11-22T15:36:48 IST" duration-ms="637" status="PASS">
          <params>
            <param index="0">
              <value>
                <![CDATA[org.testng.TestRunner@14bf57b2]]>
              </value>
            </param>
          </params>
          <reporter-output>
          </reporter-output>
        </test-method> <!-- setUpClass -->
        <test-method signature="runScenario(io.cucumber.testng.PickleWrapper,io.cucumber.testng.FeatureWrapper)[pri:0, instance:org.testRunner.TestRunner@7d4f9aae]" started-at="2024-11-22T15:36:48 IST" name="runScenario" description="Runs Cucumber Scenarios" data-provider="scenarios" finished-at="2024-11-22T15:36:59 IST" duration-ms="10461" status="PASS">
          <params>
            <param index="0">
              <value>
                <![CDATA["Verify Customer Login"]]>
              </value>
            </param>
            <param index="1">
              <value>
                <![CDATA["Customer Page Feature"]]>
              </value>
            </param>
          </params>
          <reporter-output>
          </reporter-output>
        </test-method> <!-- runScenario -->
        <test-method is-config="true" signature="tearDownClass()[pri:0, instance:org.testRunner.TestRunner@7d4f9aae]" started-at="2024-11-22T15:36:59 IST" name="tearDownClass" finished-at="2024-11-22T15:36:59 IST" duration-ms="4" status="PASS">
          <reporter-output>
          </reporter-output>
        </test-method> <!-- tearDownClass -->
      </class> <!-- org.testRunner.TestRunner -->
    </test> <!-- Default test -->
  </suite> <!-- Default suite -->
</testng-results>
